%!Adobe-FontList 1.16
%Locale:0x409

%BeginFont
Handler:DirectoryHandler
FontType:Type1
FontName:SourceSansPro-Black
FamilyName:Source Sans Pro
StyleName:Black
MenuName:Source Sans Pro Black
StyleBits:0
WeightClass:900
WidthClass:5
AngleClass:0
FullName:Source Sans Pro Black
WritingScript:Roman
OutlineFileName:\SourceSansPro-Black.otf
DataFormat:sfntData
UsesStandardEncoding:yes
isCFF:yes
FileLength:97636
FileModTime:1381334848
DesignSize:100
NameArray:0,Mac,4,Source Sans Pro Black
NameArray:0,Win,1,Source Sans Pro Black
NameArray:0,Win,16,Source Sans Pro
%EndFont

%BeginFont
Handler:DirectoryHandler
FontType:Type1
FontName:SourceSansPro-BlackIt
FamilyName:Source Sans Pro
StyleName:Black Italic
MenuName:Source Sans Pro Black
StyleBits:1
WeightClass:900
WidthClass:5
AngleClass:1
FullName:Source Sans Pro Black Italic
WritingScript:Roman
OutlineFileName:\SourceSansPro-BlackIt.otf
DataFormat:sfntData
UsesStandardEncoding:yes
isCFF:yes
FileLength:96084
FileModTime:1381334848
DesignSize:100
NameArray:0,Mac,4,Source Sans Pro Black Italic
NameArray:0,Win,1,Source Sans Pro Black
NameArray:0,Win,16,Source Sans Pro
%EndFont

%BeginFont
Handler:DirectoryHandler
FontType:Type1
FontName:SourceSansPro-Bold
FamilyName:Source Sans Pro
StyleName:Bold
MenuName:Source Sans Pro
StyleBits:2
WeightClass:700
WidthClass:5
AngleClass:0
FullName:Source Sans Pro Bold
WritingScript:Roman
OutlineFileName:\SourceSansPro-Bold.otf
DataFormat:sfntData
UsesStandardEncoding:yes
isCFF:yes
FileLength:103152
FileModTime:1381334848
DesignSize:100
NameArray:0,Mac,4,Source Sans Pro Bold
NameArray:0,Win,1,Source Sans Pro
%EndFont

%BeginFont
Handler:DirectoryHandler
FontType:Type1
FontName:SourceSansPro-BoldIt
FamilyName:Source Sans Pro
StyleName:Bold Italic
MenuName:Source Sans Pro
StyleBits:3
WeightClass:700
WidthClass:5
AngleClass:1
FullName:Source Sans Pro Bold Italic
WritingScript:Roman
OutlineFileName:\SourceSansPro-BoldIt.otf
DataFormat:sfntData
UsesStandardEncoding:yes
isCFF:yes
FileLength:101372
FileModTime:1381334848
DesignSize:100
NameArray:0,Mac,4,Source Sans Pro Bold Italic
NameArray:0,Win,1,Source Sans Pro
%EndFont

%BeginFont
Handler:DirectoryHandler
FontType:Type1
FontName:SourceSansPro-ExtraLight
FamilyName:Source Sans Pro
StyleName:ExtraLight
MenuName:Source Sans Pro ExtraLight
StyleBits:0
WeightClass:200
WidthClass:5
AngleClass:0
FullName:Source Sans Pro ExtraLight
WritingScript:Roman
OutlineFileName:\SourceSansPro-ExtraLight.otf
DataFormat:sfntData
UsesStandardEncoding:yes
isCFF:yes
FileLength:95224
FileModTime:1405934788
DesignSize:100
NameArray:0,Mac,4,Source Sans Pro ExtraLight
NameArray:0,Win,1,Source Sans Pro ExtraLight
NameArray:0,Win,16,Source Sans Pro
%EndFont

%BeginFont
Handler:DirectoryHandler
FontType:Type1
FontName:SourceSansPro-ExtraLightIt
FamilyName:Source Sans Pro
StyleName:ExtraLight Italic
MenuName:Source Sans Pro ExtraLight
StyleBits:1
WeightClass:200
WidthClass:5
AngleClass:1
FullName:Source Sans Pro ExtraLight Italic
WritingScript:Roman
OutlineFileName:\SourceSansPro-ExtraLightIt.otf
DataFormat:sfntData
UsesStandardEncoding:yes
isCFF:yes
FileLength:92376
FileModTime:1381334848
DesignSize:100
NameArray:0,Mac,4,Source Sans Pro ExtraLight Italic
NameArray:0,Win,1,Source Sans Pro ExtraLight
NameArray:0,Win,16,Source Sans Pro
%EndFont

%BeginFont
Handler:DirectoryHandler
FontType:Type1
FontName:SourceSansPro-It
FamilyName:Source Sans Pro
StyleName:Italic
MenuName:Source Sans Pro
StyleBits:1
WeightClass:400
WidthClass:5
AngleClass:1
FullName:Source Sans Pro Italic
WritingScript:Roman
OutlineFileName:\SourceSansPro-It.otf
DataFormat:sfntData
UsesStandardEncoding:yes
isCFF:yes
FileLength:100148
FileModTime:1381334848
DesignSize:100
NameArray:0,Mac,4,Source Sans Pro Italic
NameArray:0,Win,1,Source Sans Pro
%EndFont

%BeginFont
Handler:DirectoryHandler
FontType:Type1
FontName:SourceSansPro-Light
FamilyName:Source Sans Pro
StyleName:Light
MenuName:Source Sans Pro Light
StyleBits:0
WeightClass:300
WidthClass:5
AngleClass:0
FullName:Source Sans Pro Light
WritingScript:Roman
OutlineFileName:\SourceSansPro-Light.otf
DataFormat:sfntData
UsesStandardEncoding:yes
isCFF:yes
FileLength:98096
FileModTime:1381334848
DesignSize:100
NameArray:0,Mac,4,Source Sans Pro Light
NameArray:0,Win,1,Source Sans Pro Light
NameArray:0,Win,16,Source Sans Pro
%EndFont

%BeginFont
Handler:DirectoryHandler
FontType:Type1
FontName:SourceSansPro-LightIt
FamilyName:Source Sans Pro
StyleName:Light Italic
MenuName:Source Sans Pro Light
StyleBits:1
WeightClass:300
WidthClass:5
AngleClass:1
FullName:Source Sans Pro Light Italic
WritingScript:Roman
OutlineFileName:\SourceSansPro-LightIt.otf
DataFormat:sfntData
UsesStandardEncoding:yes
isCFF:yes
FileLength:96916
FileModTime:1381334848
DesignSize:100
NameArray:0,Mac,4,Source Sans Pro Light Italic
NameArray:0,Win,1,Source Sans Pro Light
NameArray:0,Win,16,Source Sans Pro
%EndFont

%BeginFont
Handler:DirectoryHandler
FontType:Type1
FontName:SourceSansPro-Regular
FamilyName:Source Sans Pro
StyleName:Regular
MenuName:Source Sans Pro
StyleBits:0
WeightClass:400
WidthClass:5
AngleClass:0
FullName:Source Sans Pro
WritingScript:Roman
OutlineFileName:\SourceSansPro-Regular.otf
DataFormat:sfntData
UsesStandardEncoding:yes
isCFF:yes
FileLength:102376
FileModTime:1405934788
DesignSize:100
NameArray:0,Mac,4,Source Sans Pro
NameArray:0,Win,1,Source Sans Pro
%EndFont

%BeginFont
Handler:DirectoryHandler
FontType:Type1
FontName:SourceSansPro-Semibold
FamilyName:Source Sans Pro
StyleName:Semibold
MenuName:Source Sans Pro Semibold
StyleBits:0
WeightClass:600
WidthClass:5
AngleClass:0
FullName:Source Sans Pro Semibold
WritingScript:Roman
OutlineFileName:\SourceSansPro-Semibold.otf
DataFormat:sfntData
UsesStandardEncoding:yes
isCFF:yes
FileLength:100928
FileModTime:1381334848
DesignSize:100
NameArray:0,Mac,4,Source Sans Pro Semibold
NameArray:0,Win,1,Source Sans Pro Semibold
NameArray:0,Win,16,Source Sans Pro
%EndFont

%BeginFont
Handler:DirectoryHandler
FontType:Type1
FontName:SourceSansPro-SemiboldIt
FamilyName:Source Sans Pro
StyleName:Semibold Italic
MenuName:Source Sans Pro Semibold
StyleBits:1
WeightClass:600
WidthClass:5
AngleClass:1
FullName:Source Sans Pro Semibold Italic
WritingScript:Roman
OutlineFileName:\SourceSansPro-SemiboldIt.otf
DataFormat:sfntData
UsesStandardEncoding:yes
isCFF:yes
FileLength:99540
FileModTime:1381334848
DesignSize:100
NameArray:0,Mac,4,Source Sans Pro Semibold Italic
NameArray:0,Win,1,Source Sans Pro Semibold
NameArray:0,Win,16,Source Sans Pro
%EndFont

